2025-04-11 00:14:46,919 [Worker-7: Loading available Gradle versions] INFO  o.e.b.c.i.u.g.PublishedGradleVersions - Gradle version information cache is not available. Remote download required.
2025-04-11 10:50:18,299 [Worker-32: Importing Maven projects] INFO  o.e.m.c.i.l.LifecycleMappingFactory - Using org.eclipse.m2e.jdt.JarLifecycleMapping lifecycle mapping for MavenProject: com.foundly:foundly-app:0.0.1-SNAPSHOT @ C:\Users\Subham\Downloads\Foundly-main (1)\Foundly-main\foundly-app2\pom.xml.
2025-04-11 10:50:26,899 [Worker-32: Importing Maven projects] INFO  o.e.m.j.i.AbstractJavaProjectConfigurator - Adding source folder /foundly-app2/src/main/java
2025-04-11 10:50:26,901 [Worker-32: Importing Maven projects] INFO  o.e.m.j.i.AbstractJavaProjectConfigurator - Adding resource folder /foundly-app2/src/main/resources
2025-04-11 10:50:26,902 [Worker-32: Importing Maven projects] INFO  o.e.m.j.i.AbstractJavaProjectConfigurator - Adding resource folder /foundly-app2/src/main/resources
2025-04-11 10:50:26,904 [Worker-32: Importing Maven projects] INFO  o.e.m.j.i.AbstractJavaProjectConfigurator - Adding source folder /foundly-app2/src/test/java
2025-04-11 10:50:26,905 [Worker-32: Importing Maven projects] INFO  o.e.m.j.i.AbstractJavaProjectConfigurator - Adding resource folder /foundly-app2/src/test/resources
2025-04-11 10:50:27,177 [Worker-32: Importing Maven projects] INFO  o.e.m.c.i.p.ProjectConfigurationManager - Imported and configured 1 project(s) in 14 sec
2025-04-11 10:50:27,600 [Worker-24: Updating Maven Project] INFO  o.e.m.c.i.p.ProjectConfigurationManager - Update started
2025-04-11 10:50:28,079 [Worker-24: Updating Maven Project] INFO  o.e.m.c.i.l.LifecycleMappingFactory - Using org.eclipse.m2e.jdt.JarLifecycleMapping lifecycle mapping for MavenProject: com.foundly:foundly-app:0.0.1-SNAPSHOT @ C:\Users\Subham\Downloads\Foundly-main (1)\Foundly-main\foundly-app2\pom.xml.
2025-04-11 10:50:28,696 [Worker-24: Updating Maven Project] INFO  o.e.m.j.i.AbstractJavaProjectConfigurator - Adding source folder /foundly-app2/src/main/java
2025-04-11 10:50:28,697 [Worker-24: Updating Maven Project] INFO  o.e.m.j.i.AbstractJavaProjectConfigurator - Adding resource folder /foundly-app2/src/main/resources
2025-04-11 10:50:28,697 [Worker-24: Updating Maven Project] INFO  o.e.m.j.i.AbstractJavaProjectConfigurator - Adding resource folder /foundly-app2/src/main/resources
2025-04-11 10:50:28,699 [Worker-24: Updating Maven Project] INFO  o.e.m.j.i.AbstractJavaProjectConfigurator - Adding source folder /foundly-app2/src/test/java
2025-04-11 10:50:28,699 [Worker-24: Updating Maven Project] INFO  o.e.m.j.i.AbstractJavaProjectConfigurator - Adding resource folder /foundly-app2/src/test/resources
2025-04-11 10:50:29,378 [Worker-24: Updating Maven Project] INFO  o.e.m.c.i.p.ProjectConfigurationManager - Update completed for 1 poms: local refresh takes 0.00 sec, refresh facades takes 0.00 sec, update config takes 0.00 sec 
2025-04-11 10:50:30,943 [Worker-44: Building] INFO  o.a.m.s.f.DefaultMavenResourcesFiltering - Copying 1 resource from src\main\resources to target\classes
2025-04-11 10:50:30,973 [Worker-44: Building] INFO  o.a.m.s.f.DefaultMavenResourcesFiltering - Copying 0 resource from src\main\resources to target\classes
2025-04-11 10:50:30,977 [Worker-44: Building] INFO  o.a.m.s.f.DefaultMavenResourcesFiltering - skip non existing resourceDirectory C:\Users\Subham\Downloads\Foundly-main (1)\Foundly-main\foundly-app2\src\test\resources
2025-04-11 10:50:49,241 [Worker-44: Launching Executing clean in C__Users_Subham_Downloads_Foundly-main (1)_Foundly-main_foundly-app2] INFO  o.eclipse.m2e.core.internal.Bundles - getClasspathEntries(Bundle=org.eclipse.m2e.maven.runtime_3.9.900.20240824-1409 [640])
2025-04-11 10:50:49,243 [Worker-44: Launching Executing clean in C__Users_Subham_Downloads_Foundly-main (1)_Foundly-main_foundly-app2] INFO  o.eclipse.m2e.core.internal.Bundles - 	Entry: C:\Users\Subham\.p2\pool\plugins\org.eclipse.m2e.maven.runtime_3.9.900.20240824-1409
2025-04-11 10:50:49,243 [Worker-44: Launching Executing clean in C__Users_Subham_Downloads_Foundly-main (1)_Foundly-main_foundly-app2] INFO  o.eclipse.m2e.core.internal.Bundles - 	Entry: C:\Users\Subham\.p2\pool\plugins\org.eclipse.m2e.maven.runtime_3.9.900.20240824-1409\jars\aopalliance-1.0.jar
2025-04-11 10:50:49,243 [Worker-44: Launching Executing clean in C__Users_Subham_Downloads_Foundly-main (1)_Foundly-main_foundly-app2] INFO  o.eclipse.m2e.core.internal.Bundles - 	Entry: C:\Users\Subham\.p2\pool\plugins\org.eclipse.m2e.maven.runtime_3.9.900.20240824-1409\jars\guice-5.1.0.jar
2025-04-11 10:50:49,244 [Worker-44: Launching Executing clean in C__Users_Subham_Downloads_Foundly-main (1)_Foundly-main_foundly-app2] INFO  o.eclipse.m2e.core.internal.Bundles - 	Entry: C:\Users\Subham\.p2\pool\plugins\org.eclipse.m2e.maven.runtime_3.9.900.20240824-1409\jars\httpclient-4.5.14.jar
2025-04-11 10:50:49,244 [Worker-44: Launching Executing clean in C__Users_Subham_Downloads_Foundly-main (1)_Foundly-main_foundly-app2] INFO  o.eclipse.m2e.core.internal.Bundles - 	Entry: C:\Users\Subham\.p2\pool\plugins\org.eclipse.m2e.maven.runtime_3.9.900.20240824-1409\jars\httpcore-4.4.16.jar
2025-04-11 10:50:49,244 [Worker-44: Launching Executing clean in C__Users_Subham_Downloads_Foundly-main (1)_Foundly-main_foundly-app2] INFO  o.eclipse.m2e.core.internal.Bundles - 	Entry: C:\Users\Subham\.p2\pool\plugins\org.eclipse.m2e.maven.runtime_3.9.900.20240824-1409\jars\jansi-2.4.1.jar
2025-04-11 10:50:49,244 [Worker-44: Launching Executing clean in C__Users_Subham_Downloads_Foundly-main (1)_Foundly-main_foundly-app2] INFO  o.eclipse.m2e.core.internal.Bundles - 	Entry: C:\Users\Subham\.p2\pool\plugins\org.eclipse.m2e.maven.runtime_3.9.900.20240824-1409\jars\jcl-over-slf4j-1.7.36.jar
2025-04-11 10:50:49,244 [Worker-44: Launching Executing clean in C__Users_Subham_Downloads_Foundly-main (1)_Foundly-main_foundly-app2] INFO  o.eclipse.m2e.core.internal.Bundles - 	Entry: C:\Users\Subham\.p2\pool\plugins\org.eclipse.m2e.maven.runtime_3.9.900.20240824-1409\jars\maven-artifact-3.9.9.jar
2025-04-11 10:50:49,244 [Worker-44: Launching Executing clean in C__Users_Subham_Downloads_Foundly-main (1)_Foundly-main_foundly-app2] INFO  o.eclipse.m2e.core.internal.Bundles - 	Entry: C:\Users\Subham\.p2\pool\plugins\org.eclipse.m2e.maven.runtime_3.9.900.20240824-1409\jars\maven-builder-support-3.9.9.jar
2025-04-11 10:50:49,244 [Worker-44: Launching Executing clean in C__Users_Subham_Downloads_Foundly-main (1)_Foundly-main_foundly-app2] INFO  o.eclipse.m2e.core.internal.Bundles - 	Entry: C:\Users\Subham\.p2\pool\plugins\org.eclipse.m2e.maven.runtime_3.9.900.20240824-1409\jars\maven-compat-3.9.9.jar
2025-04-11 10:50:49,244 [Worker-44: Launching Executing clean in C__Users_Subham_Downloads_Foundly-main (1)_Foundly-main_foundly-app2] INFO  o.eclipse.m2e.core.internal.Bundles - 	Entry: C:\Users\Subham\.p2\pool\plugins\org.eclipse.m2e.maven.runtime_3.9.900.20240824-1409\jars\maven-core-3.9.9.jar
2025-04-11 10:50:49,244 [Worker-44: Launching Executing clean in C__Users_Subham_Downloads_Foundly-main (1)_Foundly-main_foundly-app2] INFO  o.eclipse.m2e.core.internal.Bundles - 	Entry: C:\Users\Subham\.p2\pool\plugins\org.eclipse.m2e.maven.runtime_3.9.900.20240824-1409\jars\maven-embedder-3.9.9.jar
2025-04-11 10:50:49,244 [Worker-44: Launching Executing clean in C__Users_Subham_Downloads_Foundly-main (1)_Foundly-main_foundly-app2] INFO  o.eclipse.m2e.core.internal.Bundles - 	Entry: C:\Users\Subham\.p2\pool\plugins\org.eclipse.m2e.maven.runtime_3.9.900.20240824-1409\jars\maven-model-3.9.9.jar
2025-04-11 10:50:49,244 [Worker-44: Launching Executing clean in C__Users_Subham_Downloads_Foundly-main (1)_Foundly-main_foundly-app2] INFO  o.eclipse.m2e.core.internal.Bundles - 	Entry: C:\Users\Subham\.p2\pool\plugins\org.eclipse.m2e.maven.runtime_3.9.900.20240824-1409\jars\maven-model-builder-3.9.9.jar
2025-04-11 10:50:49,244 [Worker-44: Launching Executing clean in C__Users_Subham_Downloads_Foundly-main (1)_Foundly-main_foundly-app2] INFO  o.eclipse.m2e.core.internal.Bundles - 	Entry: C:\Users\Subham\.p2\pool\plugins\org.eclipse.m2e.maven.runtime_3.9.900.20240824-1409\jars\maven-plugin-api-3.9.9.jar
2025-04-11 10:50:49,244 [Worker-44: Launching Executing clean in C__Users_Subham_Downloads_Foundly-main (1)_Foundly-main_foundly-app2] INFO  o.eclipse.m2e.core.internal.Bundles - 	Entry: C:\Users\Subham\.p2\pool\plugins\org.eclipse.m2e.maven.runtime_3.9.900.20240824-1409\jars\maven-repository-metadata-3.9.9.jar
2025-04-11 10:50:49,244 [Worker-44: Launching Executing clean in C__Users_Subham_Downloads_Foundly-main (1)_Foundly-main_foundly-app2] INFO  o.eclipse.m2e.core.internal.Bundles - 	Entry: C:\Users\Subham\.p2\pool\plugins\org.eclipse.m2e.maven.runtime_3.9.900.20240824-1409\jars\maven-resolver-api-1.9.22.jar
2025-04-11 10:50:49,244 [Worker-44: Launching Executing clean in C__Users_Subham_Downloads_Foundly-main (1)_Foundly-main_foundly-app2] INFO  o.eclipse.m2e.core.internal.Bundles - 	Entry: C:\Users\Subham\.p2\pool\plugins\org.eclipse.m2e.maven.runtime_3.9.900.20240824-1409\jars\maven-resolver-connector-basic-1.9.22.jar
2025-04-11 10:50:49,244 [Worker-44: Launching Executing clean in C__Users_Subham_Downloads_Foundly-main (1)_Foundly-main_foundly-app2] INFO  o.eclipse.m2e.core.internal.Bundles - 	Entry: C:\Users\Subham\.p2\pool\plugins\org.eclipse.m2e.maven.runtime_3.9.900.20240824-1409\jars\maven-resolver-impl-1.9.22.jar
2025-04-11 10:50:49,246 [Worker-44: Launching Executing clean in C__Users_Subham_Downloads_Foundly-main (1)_Foundly-main_foundly-app2] INFO  o.eclipse.m2e.core.internal.Bundles - 	Entry: C:\Users\Subham\.p2\pool\plugins\org.eclipse.m2e.maven.runtime_3.9.900.20240824-1409\jars\maven-resolver-named-locks-1.9.22.jar
2025-04-11 10:50:49,246 [Worker-44: Launching Executing clean in C__Users_Subham_Downloads_Foundly-main (1)_Foundly-main_foundly-app2] INFO  o.eclipse.m2e.core.internal.Bundles - 	Entry: C:\Users\Subham\.p2\pool\plugins\org.eclipse.m2e.maven.runtime_3.9.900.20240824-1409\jars\maven-resolver-provider-3.9.9.jar
2025-04-11 10:50:49,246 [Worker-44: Launching Executing clean in C__Users_Subham_Downloads_Foundly-main (1)_Foundly-main_foundly-app2] INFO  o.eclipse.m2e.core.internal.Bundles - 	Entry: C:\Users\Subham\.p2\pool\plugins\org.eclipse.m2e.maven.runtime_3.9.900.20240824-1409\jars\maven-resolver-spi-1.9.22.jar
2025-04-11 10:50:49,246 [Worker-44: Launching Executing clean in C__Users_Subham_Downloads_Foundly-main (1)_Foundly-main_foundly-app2] INFO  o.eclipse.m2e.core.internal.Bundles - 	Entry: C:\Users\Subham\.p2\pool\plugins\org.eclipse.m2e.maven.runtime_3.9.900.20240824-1409\jars\maven-resolver-transport-file-1.9.22.jar
2025-04-11 10:50:49,246 [Worker-44: Launching Executing clean in C__Users_Subham_Downloads_Foundly-main (1)_Foundly-main_foundly-app2] INFO  o.eclipse.m2e.core.internal.Bundles - 	Entry: C:\Users\Subham\.p2\pool\plugins\org.eclipse.m2e.maven.runtime_3.9.900.20240824-1409\jars\maven-resolver-transport-http-1.9.22.jar
2025-04-11 10:50:49,246 [Worker-44: Launching Executing clean in C__Users_Subham_Downloads_Foundly-main (1)_Foundly-main_foundly-app2] INFO  o.eclipse.m2e.core.internal.Bundles - 	Entry: C:\Users\Subham\.p2\pool\plugins\org.eclipse.m2e.maven.runtime_3.9.900.20240824-1409\jars\maven-resolver-transport-wagon-1.9.22.jar
2025-04-11 10:50:49,246 [Worker-44: Launching Executing clean in C__Users_Subham_Downloads_Foundly-main (1)_Foundly-main_foundly-app2] INFO  o.eclipse.m2e.core.internal.Bundles - 	Entry: C:\Users\Subham\.p2\pool\plugins\org.eclipse.m2e.maven.runtime_3.9.900.20240824-1409\jars\maven-resolver-util-1.9.22.jar
2025-04-11 10:50:49,246 [Worker-44: Launching Executing clean in C__Users_Subham_Downloads_Foundly-main (1)_Foundly-main_foundly-app2] INFO  o.eclipse.m2e.core.internal.Bundles - 	Entry: C:\Users\Subham\.p2\pool\plugins\org.eclipse.m2e.maven.runtime_3.9.900.20240824-1409\jars\maven-settings-3.9.9.jar
2025-04-11 10:50:49,246 [Worker-44: Launching Executing clean in C__Users_Subham_Downloads_Foundly-main (1)_Foundly-main_foundly-app2] INFO  o.eclipse.m2e.core.internal.Bundles - 	Entry: C:\Users\Subham\.p2\pool\plugins\org.eclipse.m2e.maven.runtime_3.9.900.20240824-1409\jars\maven-settings-builder-3.9.9.jar
2025-04-11 10:50:49,246 [Worker-44: Launching Executing clean in C__Users_Subham_Downloads_Foundly-main (1)_Foundly-main_foundly-app2] INFO  o.eclipse.m2e.core.internal.Bundles - 	Entry: C:\Users\Subham\.p2\pool\plugins\org.eclipse.m2e.maven.runtime_3.9.900.20240824-1409\jars\maven-shared-utils-3.4.2.jar
2025-04-11 10:50:49,246 [Worker-44: Launching Executing clean in C__Users_Subham_Downloads_Foundly-main (1)_Foundly-main_foundly-app2] INFO  o.eclipse.m2e.core.internal.Bundles - 	Entry: C:\Users\Subham\.p2\pool\plugins\org.eclipse.m2e.maven.runtime_3.9.900.20240824-1409\jars\org.eclipse.sisu.inject-0.9.0.M3.jar
2025-04-11 10:50:49,246 [Worker-44: Launching Executing clean in C__Users_Subham_Downloads_Foundly-main (1)_Foundly-main_foundly-app2] INFO  o.eclipse.m2e.core.internal.Bundles - 	Entry: C:\Users\Subham\.p2\pool\plugins\org.eclipse.m2e.maven.runtime_3.9.900.20240824-1409\jars\org.eclipse.sisu.plexus-0.9.0.M3.jar
2025-04-11 10:50:49,247 [Worker-44: Launching Executing clean in C__Users_Subham_Downloads_Foundly-main (1)_Foundly-main_foundly-app2] INFO  o.eclipse.m2e.core.internal.Bundles - 	Entry: C:\Users\Subham\.p2\pool\plugins\org.eclipse.m2e.maven.runtime_3.9.900.20240824-1409\jars\plexus-build-api-0.0.7.jar
2025-04-11 10:50:49,247 [Worker-44: Launching Executing clean in C__Users_Subham_Downloads_Foundly-main (1)_Foundly-main_foundly-app2] INFO  o.eclipse.m2e.core.internal.Bundles - 	Entry: C:\Users\Subham\.p2\pool\plugins\org.eclipse.m2e.maven.runtime_3.9.900.20240824-1409\jars\plexus-build-api-1.2.0.jar
2025-04-11 10:50:49,247 [Worker-44: Launching Executing clean in C__Users_Subham_Downloads_Foundly-main (1)_Foundly-main_foundly-app2] INFO  o.eclipse.m2e.core.internal.Bundles - 	Entry: C:\Users\Subham\.p2\pool\plugins\org.eclipse.m2e.maven.runtime_3.9.900.20240824-1409\jars\plexus-cipher-2.0.jar
2025-04-11 10:50:49,247 [Worker-44: Launching Executing clean in C__Users_Subham_Downloads_Foundly-main (1)_Foundly-main_foundly-app2] INFO  o.eclipse.m2e.core.internal.Bundles - 	Entry: C:\Users\Subham\.p2\pool\plugins\org.eclipse.m2e.maven.runtime_3.9.900.20240824-1409\jars\plexus-classworlds-2.8.0.jar
2025-04-11 10:50:49,247 [Worker-44: Launching Executing clean in C__Users_Subham_Downloads_Foundly-main (1)_Foundly-main_foundly-app2] INFO  o.eclipse.m2e.core.internal.Bundles - 	Entry: C:\Users\Subham\.p2\pool\plugins\org.eclipse.m2e.maven.runtime_3.9.900.20240824-1409\jars\plexus-component-annotations-2.1.0.jar
2025-04-11 10:50:49,247 [Worker-44: Launching Executing clean in C__Users_Subham_Downloads_Foundly-main (1)_Foundly-main_foundly-app2] INFO  o.eclipse.m2e.core.internal.Bundles - 	Entry: C:\Users\Subham\.p2\pool\plugins\org.eclipse.m2e.maven.runtime_3.9.900.20240824-1409\jars\plexus-interpolation-1.27.jar
2025-04-11 10:50:49,247 [Worker-44: Launching Executing clean in C__Users_Subham_Downloads_Foundly-main (1)_Foundly-main_foundly-app2] INFO  o.eclipse.m2e.core.internal.Bundles - 	Entry: C:\Users\Subham\.p2\pool\plugins\org.eclipse.m2e.maven.runtime_3.9.900.20240824-1409\jars\plexus-sec-dispatcher-2.0.jar
2025-04-11 10:50:49,247 [Worker-44: Launching Executing clean in C__Users_Subham_Downloads_Foundly-main (1)_Foundly-main_foundly-app2] INFO  o.eclipse.m2e.core.internal.Bundles - 	Entry: C:\Users\Subham\.p2\pool\plugins\org.eclipse.m2e.maven.runtime_3.9.900.20240824-1409\jars\plexus-utils-3.5.1.jar
2025-04-11 10:50:49,247 [Worker-44: Launching Executing clean in C__Users_Subham_Downloads_Foundly-main (1)_Foundly-main_foundly-app2] INFO  o.eclipse.m2e.core.internal.Bundles - 	Entry: C:\Users\Subham\.p2\pool\plugins\org.eclipse.m2e.maven.runtime_3.9.900.20240824-1409\jars\plexus-xml-3.0.1.jar
2025-04-11 10:50:49,247 [Worker-44: Launching Executing clean in C__Users_Subham_Downloads_Foundly-main (1)_Foundly-main_foundly-app2] INFO  o.eclipse.m2e.core.internal.Bundles - 	Entry: C:\Users\Subham\.p2\pool\plugins\org.eclipse.m2e.maven.runtime_3.9.900.20240824-1409\jars\wagon-file-3.5.3.jar
2025-04-11 10:50:49,247 [Worker-44: Launching Executing clean in C__Users_Subham_Downloads_Foundly-main (1)_Foundly-main_foundly-app2] INFO  o.eclipse.m2e.core.internal.Bundles - 	Entry: C:\Users\Subham\.p2\pool\plugins\org.eclipse.m2e.maven.runtime_3.9.900.20240824-1409\jars\wagon-http-3.5.3.jar
2025-04-11 10:50:49,247 [Worker-44: Launching Executing clean in C__Users_Subham_Downloads_Foundly-main (1)_Foundly-main_foundly-app2] INFO  o.eclipse.m2e.core.internal.Bundles - 	Entry: C:\Users\Subham\.p2\pool\plugins\org.eclipse.m2e.maven.runtime_3.9.900.20240824-1409\jars\wagon-http-shared-3.5.3.jar
2025-04-11 10:50:49,247 [Worker-44: Launching Executing clean in C__Users_Subham_Downloads_Foundly-main (1)_Foundly-main_foundly-app2] INFO  o.eclipse.m2e.core.internal.Bundles - 	Entry: C:\Users\Subham\.p2\pool\plugins\org.eclipse.m2e.maven.runtime_3.9.900.20240824-1409\jars\wagon-provider-api-3.5.3.jar
2025-04-11 10:50:49,249 [Worker-44: Launching Executing clean in C__Users_Subham_Downloads_Foundly-main (1)_Foundly-main_foundly-app2] INFO  o.eclipse.m2e.core.internal.Bundles - getClasspathEntries(Bundle=com.google.guava_33.3.1.jre [16])
2025-04-11 10:50:49,249 [Worker-44: Launching Executing clean in C__Users_Subham_Downloads_Foundly-main (1)_Foundly-main_foundly-app2] INFO  o.eclipse.m2e.core.internal.Bundles - 	Entry: C:\Users\Subham\.p2\pool\plugins\com.google.guava_33.3.1.jre.jar
2025-04-11 10:50:49,249 [Worker-44: Launching Executing clean in C__Users_Subham_Downloads_Foundly-main (1)_Foundly-main_foundly-app2] INFO  o.eclipse.m2e.core.internal.Bundles - getClasspathEntries(Bundle=slf4j.api_2.0.16 [1007])
2025-04-11 10:50:49,250 [Worker-44: Launching Executing clean in C__Users_Subham_Downloads_Foundly-main (1)_Foundly-main_foundly-app2] INFO  o.eclipse.m2e.core.internal.Bundles - 	Entry: C:\Users\Subham\.p2\pool\plugins\slf4j.api_2.0.16.jar
2025-04-11 10:50:49,250 [Worker-44: Launching Executing clean in C__Users_Subham_Downloads_Foundly-main (1)_Foundly-main_foundly-app2] INFO  o.eclipse.m2e.core.internal.Bundles - getClasspathEntries(Bundle=jakarta.inject.jakarta.inject-api_1.0.5 [34])
2025-04-11 10:50:49,250 [Worker-44: Launching Executing clean in C__Users_Subham_Downloads_Foundly-main (1)_Foundly-main_foundly-app2] INFO  o.eclipse.m2e.core.internal.Bundles - 	Entry: C:\Users\Subham\.p2\pool\plugins\jakarta.inject.jakarta.inject-api_1.0.5.jar
2025-04-11 10:50:49,250 [Worker-44: Launching Executing clean in C__Users_Subham_Downloads_Foundly-main (1)_Foundly-main_foundly-app2] INFO  o.eclipse.m2e.core.internal.Bundles - getClasspathEntries(Bundle=jakarta.annotation-api_1.3.5 [29])
2025-04-11 10:50:49,250 [Worker-44: Launching Executing clean in C__Users_Subham_Downloads_Foundly-main (1)_Foundly-main_foundly-app2] INFO  o.eclipse.m2e.core.internal.Bundles - 	Entry: C:\Users\Subham\.p2\pool\plugins\jakarta.annotation-api_1.3.5.jar
2025-04-11 10:50:49,250 [Worker-44: Launching Executing clean in C__Users_Subham_Downloads_Foundly-main (1)_Foundly-main_foundly-app2] INFO  o.eclipse.m2e.core.internal.Bundles - getClasspathEntries(Bundle=org.apache.commons.cli_1.9.0 [75])
2025-04-11 10:50:49,250 [Worker-44: Launching Executing clean in C__Users_Subham_Downloads_Foundly-main (1)_Foundly-main_foundly-app2] INFO  o.eclipse.m2e.core.internal.Bundles - 	Entry: C:\Users\Subham\.p2\pool\plugins\org.apache.commons.cli_1.9.0.jar
2025-04-11 10:50:49,250 [Worker-44: Launching Executing clean in C__Users_Subham_Downloads_Foundly-main (1)_Foundly-main_foundly-app2] INFO  o.eclipse.m2e.core.internal.Bundles - getClasspathEntries(Bundle=org.apache.commons.commons-codec_1.16.0 [78])
2025-04-11 10:50:49,250 [Worker-44: Launching Executing clean in C__Users_Subham_Downloads_Foundly-main (1)_Foundly-main_foundly-app2] INFO  o.eclipse.m2e.core.internal.Bundles - 	Entry: C:\Users\Subham\.p2\pool\plugins\org.apache.commons.commons-codec_1.16.0.jar
2025-04-11 10:50:49,250 [Worker-44: Launching Executing clean in C__Users_Subham_Downloads_Foundly-main (1)_Foundly-main_foundly-app2] INFO  o.eclipse.m2e.core.internal.Bundles - getClasspathEntries(Bundle=com.google.guava.failureaccess_1.0.2 [17])
2025-04-11 10:50:49,250 [Worker-44: Launching Executing clean in C__Users_Subham_Downloads_Foundly-main (1)_Foundly-main_foundly-app2] INFO  o.eclipse.m2e.core.internal.Bundles - 	Entry: C:\Users\Subham\.p2\pool\plugins\com.google.guava.failureaccess_1.0.2.jar
2025-04-11 10:50:49,374 [Worker-44: Launching Executing clean in C__Users_Subham_Downloads_Foundly-main (1)_Foundly-main_foundly-app2] INFO  o.e.m.i.launch.MavenLaunchDelegate - Run build in "C:\Users\Subham\Downloads\Foundly-main (1)\Foundly-main\foundly-app2":
2025-04-11 10:50:49,378 [Worker-44: Launching Executing clean in C__Users_Subham_Downloads_Foundly-main (1)_Foundly-main_foundly-app2] INFO  o.e.m.i.launch.MavenLaunchDelegate -  mvn  -B -Dstyle.color=always clean
2025-04-11 10:50:51,864 [Worker-41: Building] INFO  o.a.m.s.f.DefaultMavenResourcesFiltering - Copying 1 resource from src\main\resources to target\classes
2025-04-11 10:50:51,867 [Worker-41: Building] INFO  o.a.m.s.f.DefaultMavenResourcesFiltering - Copying 0 resource from src\main\resources to target\classes
2025-04-11 10:50:51,869 [Worker-41: Building] INFO  o.a.m.s.f.DefaultMavenResourcesFiltering - skip non existing resourceDirectory C:\Users\Subham\Downloads\Foundly-main (1)\Foundly-main\foundly-app2\src\test\resources
2025-04-11 10:51:00,667 [Worker-24: Launching Executing install in C__Users_Subham_Downloads_Foundly-main (1)_Foundly-main_foundly-app2] INFO  o.eclipse.m2e.core.internal.Bundles - getClasspathEntries(Bundle=org.eclipse.m2e.maven.runtime_3.9.900.20240824-1409 [640])
2025-04-11 10:51:00,668 [Worker-24: Launching Executing install in C__Users_Subham_Downloads_Foundly-main (1)_Foundly-main_foundly-app2] INFO  o.eclipse.m2e.core.internal.Bundles - 	Entry: C:\Users\Subham\.p2\pool\plugins\org.eclipse.m2e.maven.runtime_3.9.900.20240824-1409
2025-04-11 10:51:00,668 [Worker-24: Launching Executing install in C__Users_Subham_Downloads_Foundly-main (1)_Foundly-main_foundly-app2] INFO  o.eclipse.m2e.core.internal.Bundles - 	Entry: C:\Users\Subham\.p2\pool\plugins\org.eclipse.m2e.maven.runtime_3.9.900.20240824-1409\jars\aopalliance-1.0.jar
2025-04-11 10:51:00,668 [Worker-24: Launching Executing install in C__Users_Subham_Downloads_Foundly-main (1)_Foundly-main_foundly-app2] INFO  o.eclipse.m2e.core.internal.Bundles - 	Entry: C:\Users\Subham\.p2\pool\plugins\org.eclipse.m2e.maven.runtime_3.9.900.20240824-1409\jars\guice-5.1.0.jar
2025-04-11 10:51:00,668 [Worker-24: Launching Executing install in C__Users_Subham_Downloads_Foundly-main (1)_Foundly-main_foundly-app2] INFO  o.eclipse.m2e.core.internal.Bundles - 	Entry: C:\Users\Subham\.p2\pool\plugins\org.eclipse.m2e.maven.runtime_3.9.900.20240824-1409\jars\httpclient-4.5.14.jar
2025-04-11 10:51:00,668 [Worker-24: Launching Executing install in C__Users_Subham_Downloads_Foundly-main (1)_Foundly-main_foundly-app2] INFO  o.eclipse.m2e.core.internal.Bundles - 	Entry: C:\Users\Subham\.p2\pool\plugins\org.eclipse.m2e.maven.runtime_3.9.900.20240824-1409\jars\httpcore-4.4.16.jar
2025-04-11 10:51:00,668 [Worker-24: Launching Executing install in C__Users_Subham_Downloads_Foundly-main (1)_Foundly-main_foundly-app2] INFO  o.eclipse.m2e.core.internal.Bundles - 	Entry: C:\Users\Subham\.p2\pool\plugins\org.eclipse.m2e.maven.runtime_3.9.900.20240824-1409\jars\jansi-2.4.1.jar
2025-04-11 10:51:00,668 [Worker-24: Launching Executing install in C__Users_Subham_Downloads_Foundly-main (1)_Foundly-main_foundly-app2] INFO  o.eclipse.m2e.core.internal.Bundles - 	Entry: C:\Users\Subham\.p2\pool\plugins\org.eclipse.m2e.maven.runtime_3.9.900.20240824-1409\jars\jcl-over-slf4j-1.7.36.jar
2025-04-11 10:51:00,669 [Worker-24: Launching Executing install in C__Users_Subham_Downloads_Foundly-main (1)_Foundly-main_foundly-app2] INFO  o.eclipse.m2e.core.internal.Bundles - 	Entry: C:\Users\Subham\.p2\pool\plugins\org.eclipse.m2e.maven.runtime_3.9.900.20240824-1409\jars\maven-artifact-3.9.9.jar
2025-04-11 10:51:00,669 [Worker-24: Launching Executing install in C__Users_Subham_Downloads_Foundly-main (1)_Foundly-main_foundly-app2] INFO  o.eclipse.m2e.core.internal.Bundles - 	Entry: C:\Users\Subham\.p2\pool\plugins\org.eclipse.m2e.maven.runtime_3.9.900.20240824-1409\jars\maven-builder-support-3.9.9.jar
2025-04-11 10:51:00,669 [Worker-24: Launching Executing install in C__Users_Subham_Downloads_Foundly-main (1)_Foundly-main_foundly-app2] INFO  o.eclipse.m2e.core.internal.Bundles - 	Entry: C:\Users\Subham\.p2\pool\plugins\org.eclipse.m2e.maven.runtime_3.9.900.20240824-1409\jars\maven-compat-3.9.9.jar
2025-04-11 10:51:00,669 [Worker-24: Launching Executing install in C__Users_Subham_Downloads_Foundly-main (1)_Foundly-main_foundly-app2] INFO  o.eclipse.m2e.core.internal.Bundles - 	Entry: C:\Users\Subham\.p2\pool\plugins\org.eclipse.m2e.maven.runtime_3.9.900.20240824-1409\jars\maven-core-3.9.9.jar
2025-04-11 10:51:00,669 [Worker-24: Launching Executing install in C__Users_Subham_Downloads_Foundly-main (1)_Foundly-main_foundly-app2] INFO  o.eclipse.m2e.core.internal.Bundles - 	Entry: C:\Users\Subham\.p2\pool\plugins\org.eclipse.m2e.maven.runtime_3.9.900.20240824-1409\jars\maven-embedder-3.9.9.jar
2025-04-11 10:51:00,669 [Worker-24: Launching Executing install in C__Users_Subham_Downloads_Foundly-main (1)_Foundly-main_foundly-app2] INFO  o.eclipse.m2e.core.internal.Bundles - 	Entry: C:\Users\Subham\.p2\pool\plugins\org.eclipse.m2e.maven.runtime_3.9.900.20240824-1409\jars\maven-model-3.9.9.jar
2025-04-11 10:51:00,669 [Worker-24: Launching Executing install in C__Users_Subham_Downloads_Foundly-main (1)_Foundly-main_foundly-app2] INFO  o.eclipse.m2e.core.internal.Bundles - 	Entry: C:\Users\Subham\.p2\pool\plugins\org.eclipse.m2e.maven.runtime_3.9.900.20240824-1409\jars\maven-model-builder-3.9.9.jar
2025-04-11 10:51:00,669 [Worker-24: Launching Executing install in C__Users_Subham_Downloads_Foundly-main (1)_Foundly-main_foundly-app2] INFO  o.eclipse.m2e.core.internal.Bundles - 	Entry: C:\Users\Subham\.p2\pool\plugins\org.eclipse.m2e.maven.runtime_3.9.900.20240824-1409\jars\maven-plugin-api-3.9.9.jar
2025-04-11 10:51:00,669 [Worker-24: Launching Executing install in C__Users_Subham_Downloads_Foundly-main (1)_Foundly-main_foundly-app2] INFO  o.eclipse.m2e.core.internal.Bundles - 	Entry: C:\Users\Subham\.p2\pool\plugins\org.eclipse.m2e.maven.runtime_3.9.900.20240824-1409\jars\maven-repository-metadata-3.9.9.jar
2025-04-11 10:51:00,669 [Worker-24: Launching Executing install in C__Users_Subham_Downloads_Foundly-main (1)_Foundly-main_foundly-app2] INFO  o.eclipse.m2e.core.internal.Bundles - 	Entry: C:\Users\Subham\.p2\pool\plugins\org.eclipse.m2e.maven.runtime_3.9.900.20240824-1409\jars\maven-resolver-api-1.9.22.jar
2025-04-11 10:51:00,669 [Worker-24: Launching Executing install in C__Users_Subham_Downloads_Foundly-main (1)_Foundly-main_foundly-app2] INFO  o.eclipse.m2e.core.internal.Bundles - 	Entry: C:\Users\Subham\.p2\pool\plugins\org.eclipse.m2e.maven.runtime_3.9.900.20240824-1409\jars\maven-resolver-connector-basic-1.9.22.jar
2025-04-11 10:51:00,669 [Worker-24: Launching Executing install in C__Users_Subham_Downloads_Foundly-main (1)_Foundly-main_foundly-app2] INFO  o.eclipse.m2e.core.internal.Bundles - 	Entry: C:\Users\Subham\.p2\pool\plugins\org.eclipse.m2e.maven.runtime_3.9.900.20240824-1409\jars\maven-resolver-impl-1.9.22.jar
2025-04-11 10:51:00,669 [Worker-24: Launching Executing install in C__Users_Subham_Downloads_Foundly-main (1)_Foundly-main_foundly-app2] INFO  o.eclipse.m2e.core.internal.Bundles - 	Entry: C:\Users\Subham\.p2\pool\plugins\org.eclipse.m2e.maven.runtime_3.9.900.20240824-1409\jars\maven-resolver-named-locks-1.9.22.jar
2025-04-11 10:51:00,669 [Worker-24: Launching Executing install in C__Users_Subham_Downloads_Foundly-main (1)_Foundly-main_foundly-app2] INFO  o.eclipse.m2e.core.internal.Bundles - 	Entry: C:\Users\Subham\.p2\pool\plugins\org.eclipse.m2e.maven.runtime_3.9.900.20240824-1409\jars\maven-resolver-provider-3.9.9.jar
2025-04-11 10:51:00,669 [Worker-24: Launching Executing install in C__Users_Subham_Downloads_Foundly-main (1)_Foundly-main_foundly-app2] INFO  o.eclipse.m2e.core.internal.Bundles - 	Entry: C:\Users\Subham\.p2\pool\plugins\org.eclipse.m2e.maven.runtime_3.9.900.20240824-1409\jars\maven-resolver-spi-1.9.22.jar
2025-04-11 10:51:00,670 [Worker-24: Launching Executing install in C__Users_Subham_Downloads_Foundly-main (1)_Foundly-main_foundly-app2] INFO  o.eclipse.m2e.core.internal.Bundles - 	Entry: C:\Users\Subham\.p2\pool\plugins\org.eclipse.m2e.maven.runtime_3.9.900.20240824-1409\jars\maven-resolver-transport-file-1.9.22.jar
2025-04-11 10:51:00,670 [Worker-24: Launching Executing install in C__Users_Subham_Downloads_Foundly-main (1)_Foundly-main_foundly-app2] INFO  o.eclipse.m2e.core.internal.Bundles - 	Entry: C:\Users\Subham\.p2\pool\plugins\org.eclipse.m2e.maven.runtime_3.9.900.20240824-1409\jars\maven-resolver-transport-http-1.9.22.jar
2025-04-11 10:51:00,670 [Worker-24: Launching Executing install in C__Users_Subham_Downloads_Foundly-main (1)_Foundly-main_foundly-app2] INFO  o.eclipse.m2e.core.internal.Bundles - 	Entry: C:\Users\Subham\.p2\pool\plugins\org.eclipse.m2e.maven.runtime_3.9.900.20240824-1409\jars\maven-resolver-transport-wagon-1.9.22.jar
2025-04-11 10:51:00,670 [Worker-24: Launching Executing install in C__Users_Subham_Downloads_Foundly-main (1)_Foundly-main_foundly-app2] INFO  o.eclipse.m2e.core.internal.Bundles - 	Entry: C:\Users\Subham\.p2\pool\plugins\org.eclipse.m2e.maven.runtime_3.9.900.20240824-1409\jars\maven-resolver-util-1.9.22.jar
2025-04-11 10:51:00,670 [Worker-24: Launching Executing install in C__Users_Subham_Downloads_Foundly-main (1)_Foundly-main_foundly-app2] INFO  o.eclipse.m2e.core.internal.Bundles - 	Entry: C:\Users\Subham\.p2\pool\plugins\org.eclipse.m2e.maven.runtime_3.9.900.20240824-1409\jars\maven-settings-3.9.9.jar
2025-04-11 10:51:00,670 [Worker-24: Launching Executing install in C__Users_Subham_Downloads_Foundly-main (1)_Foundly-main_foundly-app2] INFO  o.eclipse.m2e.core.internal.Bundles - 	Entry: C:\Users\Subham\.p2\pool\plugins\org.eclipse.m2e.maven.runtime_3.9.900.20240824-1409\jars\maven-settings-builder-3.9.9.jar
2025-04-11 10:51:00,670 [Worker-24: Launching Executing install in C__Users_Subham_Downloads_Foundly-main (1)_Foundly-main_foundly-app2] INFO  o.eclipse.m2e.core.internal.Bundles - 	Entry: C:\Users\Subham\.p2\pool\plugins\org.eclipse.m2e.maven.runtime_3.9.900.20240824-1409\jars\maven-shared-utils-3.4.2.jar
2025-04-11 10:51:00,670 [Worker-24: Launching Executing install in C__Users_Subham_Downloads_Foundly-main (1)_Foundly-main_foundly-app2] INFO  o.eclipse.m2e.core.internal.Bundles - 	Entry: C:\Users\Subham\.p2\pool\plugins\org.eclipse.m2e.maven.runtime_3.9.900.20240824-1409\jars\org.eclipse.sisu.inject-0.9.0.M3.jar
2025-04-11 10:51:00,670 [Worker-24: Launching Executing install in C__Users_Subham_Downloads_Foundly-main (1)_Foundly-main_foundly-app2] INFO  o.eclipse.m2e.core.internal.Bundles - 	Entry: C:\Users\Subham\.p2\pool\plugins\org.eclipse.m2e.maven.runtime_3.9.900.20240824-1409\jars\org.eclipse.sisu.plexus-0.9.0.M3.jar
2025-04-11 10:51:00,670 [Worker-24: Launching Executing install in C__Users_Subham_Downloads_Foundly-main (1)_Foundly-main_foundly-app2] INFO  o.eclipse.m2e.core.internal.Bundles - 	Entry: C:\Users\Subham\.p2\pool\plugins\org.eclipse.m2e.maven.runtime_3.9.900.20240824-1409\jars\plexus-build-api-0.0.7.jar
2025-04-11 10:51:00,670 [Worker-24: Launching Executing install in C__Users_Subham_Downloads_Foundly-main (1)_Foundly-main_foundly-app2] INFO  o.eclipse.m2e.core.internal.Bundles - 	Entry: C:\Users\Subham\.p2\pool\plugins\org.eclipse.m2e.maven.runtime_3.9.900.20240824-1409\jars\plexus-build-api-1.2.0.jar
2025-04-11 10:51:00,670 [Worker-24: Launching Executing install in C__Users_Subham_Downloads_Foundly-main (1)_Foundly-main_foundly-app2] INFO  o.eclipse.m2e.core.internal.Bundles - 	Entry: C:\Users\Subham\.p2\pool\plugins\org.eclipse.m2e.maven.runtime_3.9.900.20240824-1409\jars\plexus-cipher-2.0.jar
2025-04-11 10:51:00,670 [Worker-24: Launching Executing install in C__Users_Subham_Downloads_Foundly-main (1)_Foundly-main_foundly-app2] INFO  o.eclipse.m2e.core.internal.Bundles - 	Entry: C:\Users\Subham\.p2\pool\plugins\org.eclipse.m2e.maven.runtime_3.9.900.20240824-1409\jars\plexus-classworlds-2.8.0.jar
2025-04-11 10:51:00,670 [Worker-24: Launching Executing install in C__Users_Subham_Downloads_Foundly-main (1)_Foundly-main_foundly-app2] INFO  o.eclipse.m2e.core.internal.Bundles - 	Entry: C:\Users\Subham\.p2\pool\plugins\org.eclipse.m2e.maven.runtime_3.9.900.20240824-1409\jars\plexus-component-annotations-2.1.0.jar
2025-04-11 10:51:00,670 [Worker-24: Launching Executing install in C__Users_Subham_Downloads_Foundly-main (1)_Foundly-main_foundly-app2] INFO  o.eclipse.m2e.core.internal.Bundles - 	Entry: C:\Users\Subham\.p2\pool\plugins\org.eclipse.m2e.maven.runtime_3.9.900.20240824-1409\jars\plexus-interpolation-1.27.jar
2025-04-11 10:51:00,671 [Worker-24: Launching Executing install in C__Users_Subham_Downloads_Foundly-main (1)_Foundly-main_foundly-app2] INFO  o.eclipse.m2e.core.internal.Bundles - 	Entry: C:\Users\Subham\.p2\pool\plugins\org.eclipse.m2e.maven.runtime_3.9.900.20240824-1409\jars\plexus-sec-dispatcher-2.0.jar
2025-04-11 10:51:00,671 [Worker-24: Launching Executing install in C__Users_Subham_Downloads_Foundly-main (1)_Foundly-main_foundly-app2] INFO  o.eclipse.m2e.core.internal.Bundles - 	Entry: C:\Users\Subham\.p2\pool\plugins\org.eclipse.m2e.maven.runtime_3.9.900.20240824-1409\jars\plexus-utils-3.5.1.jar
2025-04-11 10:51:00,671 [Worker-24: Launching Executing install in C__Users_Subham_Downloads_Foundly-main (1)_Foundly-main_foundly-app2] INFO  o.eclipse.m2e.core.internal.Bundles - 	Entry: C:\Users\Subham\.p2\pool\plugins\org.eclipse.m2e.maven.runtime_3.9.900.20240824-1409\jars\plexus-xml-3.0.1.jar
2025-04-11 10:51:00,671 [Worker-24: Launching Executing install in C__Users_Subham_Downloads_Foundly-main (1)_Foundly-main_foundly-app2] INFO  o.eclipse.m2e.core.internal.Bundles - 	Entry: C:\Users\Subham\.p2\pool\plugins\org.eclipse.m2e.maven.runtime_3.9.900.20240824-1409\jars\wagon-file-3.5.3.jar
2025-04-11 10:51:00,671 [Worker-24: Launching Executing install in C__Users_Subham_Downloads_Foundly-main (1)_Foundly-main_foundly-app2] INFO  o.eclipse.m2e.core.internal.Bundles - 	Entry: C:\Users\Subham\.p2\pool\plugins\org.eclipse.m2e.maven.runtime_3.9.900.20240824-1409\jars\wagon-http-3.5.3.jar
2025-04-11 10:51:00,671 [Worker-24: Launching Executing install in C__Users_Subham_Downloads_Foundly-main (1)_Foundly-main_foundly-app2] INFO  o.eclipse.m2e.core.internal.Bundles - 	Entry: C:\Users\Subham\.p2\pool\plugins\org.eclipse.m2e.maven.runtime_3.9.900.20240824-1409\jars\wagon-http-shared-3.5.3.jar
2025-04-11 10:51:00,671 [Worker-24: Launching Executing install in C__Users_Subham_Downloads_Foundly-main (1)_Foundly-main_foundly-app2] INFO  o.eclipse.m2e.core.internal.Bundles - 	Entry: C:\Users\Subham\.p2\pool\plugins\org.eclipse.m2e.maven.runtime_3.9.900.20240824-1409\jars\wagon-provider-api-3.5.3.jar
2025-04-11 10:51:00,671 [Worker-24: Launching Executing install in C__Users_Subham_Downloads_Foundly-main (1)_Foundly-main_foundly-app2] INFO  o.eclipse.m2e.core.internal.Bundles - getClasspathEntries(Bundle=com.google.guava_33.3.1.jre [16])
2025-04-11 10:51:00,672 [Worker-24: Launching Executing install in C__Users_Subham_Downloads_Foundly-main (1)_Foundly-main_foundly-app2] INFO  o.eclipse.m2e.core.internal.Bundles - 	Entry: C:\Users\Subham\.p2\pool\plugins\com.google.guava_33.3.1.jre.jar
2025-04-11 10:51:00,672 [Worker-24: Launching Executing install in C__Users_Subham_Downloads_Foundly-main (1)_Foundly-main_foundly-app2] INFO  o.eclipse.m2e.core.internal.Bundles - getClasspathEntries(Bundle=slf4j.api_2.0.16 [1007])
2025-04-11 10:51:00,672 [Worker-24: Launching Executing install in C__Users_Subham_Downloads_Foundly-main (1)_Foundly-main_foundly-app2] INFO  o.eclipse.m2e.core.internal.Bundles - 	Entry: C:\Users\Subham\.p2\pool\plugins\slf4j.api_2.0.16.jar
2025-04-11 10:51:00,672 [Worker-24: Launching Executing install in C__Users_Subham_Downloads_Foundly-main (1)_Foundly-main_foundly-app2] INFO  o.eclipse.m2e.core.internal.Bundles - getClasspathEntries(Bundle=jakarta.inject.jakarta.inject-api_1.0.5 [34])
2025-04-11 10:51:00,672 [Worker-24: Launching Executing install in C__Users_Subham_Downloads_Foundly-main (1)_Foundly-main_foundly-app2] INFO  o.eclipse.m2e.core.internal.Bundles - 	Entry: C:\Users\Subham\.p2\pool\plugins\jakarta.inject.jakarta.inject-api_1.0.5.jar
2025-04-11 10:51:00,672 [Worker-24: Launching Executing install in C__Users_Subham_Downloads_Foundly-main (1)_Foundly-main_foundly-app2] INFO  o.eclipse.m2e.core.internal.Bundles - getClasspathEntries(Bundle=jakarta.annotation-api_1.3.5 [29])
2025-04-11 10:51:00,672 [Worker-24: Launching Executing install in C__Users_Subham_Downloads_Foundly-main (1)_Foundly-main_foundly-app2] INFO  o.eclipse.m2e.core.internal.Bundles - 	Entry: C:\Users\Subham\.p2\pool\plugins\jakarta.annotation-api_1.3.5.jar
2025-04-11 10:51:00,672 [Worker-24: Launching Executing install in C__Users_Subham_Downloads_Foundly-main (1)_Foundly-main_foundly-app2] INFO  o.eclipse.m2e.core.internal.Bundles - getClasspathEntries(Bundle=org.apache.commons.cli_1.9.0 [75])
2025-04-11 10:51:00,672 [Worker-24: Launching Executing install in C__Users_Subham_Downloads_Foundly-main (1)_Foundly-main_foundly-app2] INFO  o.eclipse.m2e.core.internal.Bundles - 	Entry: C:\Users\Subham\.p2\pool\plugins\org.apache.commons.cli_1.9.0.jar
2025-04-11 10:51:00,672 [Worker-24: Launching Executing install in C__Users_Subham_Downloads_Foundly-main (1)_Foundly-main_foundly-app2] INFO  o.eclipse.m2e.core.internal.Bundles - getClasspathEntries(Bundle=org.apache.commons.commons-codec_1.16.0 [78])
2025-04-11 10:51:00,673 [Worker-24: Launching Executing install in C__Users_Subham_Downloads_Foundly-main (1)_Foundly-main_foundly-app2] INFO  o.eclipse.m2e.core.internal.Bundles - 	Entry: C:\Users\Subham\.p2\pool\plugins\org.apache.commons.commons-codec_1.16.0.jar
2025-04-11 10:51:00,673 [Worker-24: Launching Executing install in C__Users_Subham_Downloads_Foundly-main (1)_Foundly-main_foundly-app2] INFO  o.eclipse.m2e.core.internal.Bundles - getClasspathEntries(Bundle=com.google.guava.failureaccess_1.0.2 [17])
2025-04-11 10:51:00,673 [Worker-24: Launching Executing install in C__Users_Subham_Downloads_Foundly-main (1)_Foundly-main_foundly-app2] INFO  o.eclipse.m2e.core.internal.Bundles - 	Entry: C:\Users\Subham\.p2\pool\plugins\com.google.guava.failureaccess_1.0.2.jar
2025-04-11 10:51:00,674 [Worker-24: Launching Executing install in C__Users_Subham_Downloads_Foundly-main (1)_Foundly-main_foundly-app2] INFO  o.e.m.i.launch.MavenLaunchDelegate - Run build in "C:\Users\Subham\Downloads\Foundly-main (1)\Foundly-main\foundly-app2":
2025-04-11 10:51:00,674 [Worker-24: Launching Executing install in C__Users_Subham_Downloads_Foundly-main (1)_Foundly-main_foundly-app2] INFO  o.e.m.i.launch.MavenLaunchDelegate -  mvn  -B -Dstyle.color=always install
2025-04-11 10:52:00,237 [Worker-24: Updating Maven Project] INFO  o.e.m.c.i.p.ProjectConfigurationManager - Update started
2025-04-11 10:52:00,527 [Worker-24: Updating Maven Project] INFO  o.e.m.c.i.l.LifecycleMappingFactory - Using org.eclipse.m2e.jdt.JarLifecycleMapping lifecycle mapping for MavenProject: com.foundly:foundly-app:0.0.1-SNAPSHOT @ C:\Users\Subham\Downloads\Foundly-main (1)\Foundly-main\foundly-app2\pom.xml.
2025-04-11 10:52:00,898 [Worker-24: Updating Maven Project] INFO  o.e.m.j.i.AbstractJavaProjectConfigurator - Adding source folder /foundly-app2/src/main/java
2025-04-11 10:52:00,899 [Worker-24: Updating Maven Project] INFO  o.e.m.j.i.AbstractJavaProjectConfigurator - Adding resource folder /foundly-app2/src/main/resources
2025-04-11 10:52:00,899 [Worker-24: Updating Maven Project] INFO  o.e.m.j.i.AbstractJavaProjectConfigurator - Adding resource folder /foundly-app2/src/main/resources
2025-04-11 10:52:00,900 [Worker-24: Updating Maven Project] INFO  o.e.m.j.i.AbstractJavaProjectConfigurator - Adding source folder /foundly-app2/src/test/java
2025-04-11 10:52:00,900 [Worker-24: Updating Maven Project] INFO  o.e.m.j.i.AbstractJavaProjectConfigurator - Adding resource folder /foundly-app2/src/test/resources
2025-04-11 10:52:01,077 [Worker-24: Updating Maven Project] INFO  o.e.m.c.i.p.ProjectConfigurationManager - Update completed for 1 poms: local refresh takes 0.00 sec, refresh facades takes 0.00 sec, update config takes 0.00 sec 
2025-04-11 10:52:01,518 [Worker-40: Building] INFO  o.a.m.s.f.DefaultMavenResourcesFiltering - Copying 1 resource from src\main\resources to target\classes
2025-04-11 10:52:01,531 [Worker-40: Building] INFO  o.a.m.s.f.DefaultMavenResourcesFiltering - Copying 0 resource from src\main\resources to target\classes
2025-04-11 10:52:01,535 [Worker-40: Building] INFO  o.a.m.s.f.DefaultMavenResourcesFiltering - skip non existing resourceDirectory C:\Users\Subham\Downloads\Foundly-main (1)\Foundly-main\foundly-app2\src\test\resources
2025-04-11 11:17:47,234 [Worker-43: Building] INFO  o.a.m.s.f.DefaultMavenResourcesFiltering - Copying 1 resource from src\main\resources to target\classes
2025-04-11 11:17:47,236 [Worker-43: Building] INFO  o.a.m.s.f.DefaultMavenResourcesFiltering - Copying 0 resource from src\main\resources to target\classes
2025-04-11 11:17:47,238 [Worker-43: Building] INFO  o.a.m.s.f.DefaultMavenResourcesFiltering - skip non existing resourceDirectory C:\Users\Subham\Downloads\Foundly-main (1)\Foundly-main\foundly-app2\src\test\resources
2025-04-11 11:18:29,832 [Worker-42: Building] INFO  o.a.m.s.f.DefaultMavenResourcesFiltering - Copying 1 resource from src\main\resources to target\classes
2025-04-11 11:18:29,836 [Worker-42: Building] INFO  o.a.m.s.f.DefaultMavenResourcesFiltering - Copying 0 resource from src\main\resources to target\classes
2025-04-11 11:18:29,837 [Worker-42: Building] INFO  o.a.m.s.f.DefaultMavenResourcesFiltering - skip non existing resourceDirectory C:\Users\Subham\Downloads\Foundly-main (1)\Foundly-main\foundly-app2\src\test\resources
2025-04-11 11:19:03,992 [Worker-39: Building] INFO  o.a.m.s.f.DefaultMavenResourcesFiltering - Copying 1 resource from src\main\resources to target\classes
2025-04-11 11:19:03,994 [Worker-39: Building] INFO  o.a.m.s.f.DefaultMavenResourcesFiltering - Copying 0 resource from src\main\resources to target\classes
2025-04-11 11:19:03,996 [Worker-39: Building] INFO  o.a.m.s.f.DefaultMavenResourcesFiltering - skip non existing resourceDirectory C:\Users\Subham\Downloads\Foundly-main (1)\Foundly-main\foundly-app2\src\test\resources
2025-04-11 11:19:08,630 [Worker-24: Building] INFO  o.a.m.s.f.DefaultMavenResourcesFiltering - Copying 1 resource from src\main\resources to target\classes
2025-04-11 11:19:08,631 [Worker-24: Building] INFO  o.a.m.s.f.DefaultMavenResourcesFiltering - Copying 0 resource from src\main\resources to target\classes
2025-04-11 11:19:08,632 [Worker-24: Building] INFO  o.a.m.s.f.DefaultMavenResourcesFiltering - skip non existing resourceDirectory C:\Users\Subham\Downloads\Foundly-main (1)\Foundly-main\foundly-app2\src\test\resources
2025-04-11 11:19:11,088 [Worker-32: Building] INFO  o.a.m.s.f.DefaultMavenResourcesFiltering - Copying 1 resource from src\main\resources to target\classes
2025-04-11 11:19:11,091 [Worker-32: Building] INFO  o.a.m.s.f.DefaultMavenResourcesFiltering - Copying 0 resource from src\main\resources to target\classes
2025-04-11 11:19:11,094 [Worker-32: Building] INFO  o.a.m.s.f.DefaultMavenResourcesFiltering - skip non existing resourceDirectory C:\Users\Subham\Downloads\Foundly-main (1)\Foundly-main\foundly-app2\src\test\resources
2025-04-12 10:53:22,930 [Worker-4: Loading available Gradle versions] INFO  o.e.b.c.i.u.g.PublishedGradleVersions - Gradle version information cache is not available. Remote download required.
2025-04-12 22:12:25,721 [Worker-49: Building] INFO  o.a.m.s.f.DefaultMavenResourcesFiltering - Copying 1 resource from src\main\resources to target\classes
2025-04-12 22:12:25,746 [Worker-49: Building] INFO  o.a.m.s.f.DefaultMavenResourcesFiltering - Copying 0 resource from src\main\resources to target\classes
2025-04-12 22:12:25,749 [Worker-49: Building] INFO  o.a.m.s.f.DefaultMavenResourcesFiltering - skip non existing resourceDirectory C:\Users\Subham\Downloads\Foundly-main (1)\Foundly-main\foundly-app2\src\test\resources
2025-04-12 22:12:53,585 [Worker-49: Building] INFO  o.a.m.s.f.DefaultMavenResourcesFiltering - Copying 1 resource from src\main\resources to target\classes
2025-04-12 22:12:53,588 [Worker-49: Building] INFO  o.a.m.s.f.DefaultMavenResourcesFiltering - Copying 0 resource from src\main\resources to target\classes
2025-04-12 22:12:53,589 [Worker-49: Building] INFO  o.a.m.s.f.DefaultMavenResourcesFiltering - skip non existing resourceDirectory C:\Users\Subham\Downloads\Foundly-main (1)\Foundly-main\foundly-app2\src\test\resources
2025-04-12 22:13:17,158 [Worker-52: Building] INFO  o.a.m.s.f.DefaultMavenResourcesFiltering - Copying 1 resource from src\main\resources to target\classes
2025-04-12 22:13:17,160 [Worker-52: Building] INFO  o.a.m.s.f.DefaultMavenResourcesFiltering - Copying 0 resource from src\main\resources to target\classes
2025-04-12 22:13:17,162 [Worker-52: Building] INFO  o.a.m.s.f.DefaultMavenResourcesFiltering - skip non existing resourceDirectory C:\Users\Subham\Downloads\Foundly-main (1)\Foundly-main\foundly-app2\src\test\resources
2025-04-12 22:13:47,723 [Worker-51: Building] INFO  o.a.m.s.f.DefaultMavenResourcesFiltering - Copying 1 resource from src\main\resources to target\classes
2025-04-12 22:13:47,725 [Worker-51: Building] INFO  o.a.m.s.f.DefaultMavenResourcesFiltering - Copying 0 resource from src\main\resources to target\classes
2025-04-12 22:13:47,728 [Worker-51: Building] INFO  o.a.m.s.f.DefaultMavenResourcesFiltering - skip non existing resourceDirectory C:\Users\Subham\Downloads\Foundly-main (1)\Foundly-main\foundly-app2\src\test\resources
2025-04-12 22:14:09,405 [Worker-53: Building] INFO  o.a.m.s.f.DefaultMavenResourcesFiltering - Copying 1 resource from src\main\resources to target\classes
2025-04-12 22:14:09,407 [Worker-53: Building] INFO  o.a.m.s.f.DefaultMavenResourcesFiltering - Copying 0 resource from src\main\resources to target\classes
2025-04-12 22:14:09,409 [Worker-53: Building] INFO  o.a.m.s.f.DefaultMavenResourcesFiltering - skip non existing resourceDirectory C:\Users\Subham\Downloads\Foundly-main (1)\Foundly-main\foundly-app2\src\test\resources
2025-04-12 22:14:31,849 [Worker-55: Building] INFO  o.a.m.s.f.DefaultMavenResourcesFiltering - Copying 1 resource from src\main\resources to target\classes
2025-04-12 22:14:31,850 [Worker-55: Building] INFO  o.a.m.s.f.DefaultMavenResourcesFiltering - Copying 0 resource from src\main\resources to target\classes
2025-04-12 22:14:31,853 [Worker-55: Building] INFO  o.a.m.s.f.DefaultMavenResourcesFiltering - skip non existing resourceDirectory C:\Users\Subham\Downloads\Foundly-main (1)\Foundly-main\foundly-app2\src\test\resources
2025-04-12 22:14:52,378 [Worker-53: Building] INFO  o.a.m.s.f.DefaultMavenResourcesFiltering - Copying 1 resource from src\main\resources to target\classes
2025-04-12 22:14:52,380 [Worker-53: Building] INFO  o.a.m.s.f.DefaultMavenResourcesFiltering - Copying 0 resource from src\main\resources to target\classes
2025-04-12 22:14:52,383 [Worker-53: Building] INFO  o.a.m.s.f.DefaultMavenResourcesFiltering - skip non existing resourceDirectory C:\Users\Subham\Downloads\Foundly-main (1)\Foundly-main\foundly-app2\src\test\resources
2025-04-12 22:15:37,509 [Worker-51: Building] INFO  o.a.m.s.f.DefaultMavenResourcesFiltering - Copying 1 resource from src\main\resources to target\classes
2025-04-12 22:15:37,510 [Worker-51: Building] INFO  o.a.m.s.f.DefaultMavenResourcesFiltering - Copying 0 resource from src\main\resources to target\classes
2025-04-12 22:15:37,511 [Worker-51: Building] INFO  o.a.m.s.f.DefaultMavenResourcesFiltering - skip non existing resourceDirectory C:\Users\Subham\Downloads\Foundly-main (1)\Foundly-main\foundly-app2\src\test\resources
2025-04-12 22:15:53,109 [Worker-49: Building] INFO  o.a.m.s.f.DefaultMavenResourcesFiltering - Copying 1 resource from src\main\resources to target\classes
2025-04-12 22:15:53,111 [Worker-49: Building] INFO  o.a.m.s.f.DefaultMavenResourcesFiltering - Copying 0 resource from src\main\resources to target\classes
2025-04-12 22:15:53,113 [Worker-49: Building] INFO  o.a.m.s.f.DefaultMavenResourcesFiltering - skip non existing resourceDirectory C:\Users\Subham\Downloads\Foundly-main (1)\Foundly-main\foundly-app2\src\test\resources
2025-04-12 22:16:11,851 [Worker-55: Building] INFO  o.a.m.s.f.DefaultMavenResourcesFiltering - Copying 1 resource from src\main\resources to target\classes
2025-04-12 22:16:11,853 [Worker-55: Building] INFO  o.a.m.s.f.DefaultMavenResourcesFiltering - Copying 0 resource from src\main\resources to target\classes
2025-04-12 22:16:11,855 [Worker-55: Building] INFO  o.a.m.s.f.DefaultMavenResourcesFiltering - skip non existing resourceDirectory C:\Users\Subham\Downloads\Foundly-main (1)\Foundly-main\foundly-app2\src\test\resources
2025-04-12 22:16:31,209 [Worker-53: Building] INFO  o.a.m.s.f.DefaultMavenResourcesFiltering - Copying 1 resource from src\main\resources to target\classes
2025-04-12 22:16:31,211 [Worker-53: Building] INFO  o.a.m.s.f.DefaultMavenResourcesFiltering - Copying 0 resource from src\main\resources to target\classes
2025-04-12 22:16:31,213 [Worker-53: Building] INFO  o.a.m.s.f.DefaultMavenResourcesFiltering - skip non existing resourceDirectory C:\Users\Subham\Downloads\Foundly-main (1)\Foundly-main\foundly-app2\src\test\resources
2025-04-12 22:16:45,678 [Worker-49: Building] INFO  o.a.m.s.f.DefaultMavenResourcesFiltering - Copying 1 resource from src\main\resources to target\classes
2025-04-12 22:16:45,680 [Worker-49: Building] INFO  o.a.m.s.f.DefaultMavenResourcesFiltering - Copying 0 resource from src\main\resources to target\classes
2025-04-12 22:16:45,682 [Worker-49: Building] INFO  o.a.m.s.f.DefaultMavenResourcesFiltering - skip non existing resourceDirectory C:\Users\Subham\Downloads\Foundly-main (1)\Foundly-main\foundly-app2\src\test\resources
2025-04-12 22:16:58,401 [Worker-52: Building] INFO  o.a.m.s.f.DefaultMavenResourcesFiltering - Copying 1 resource from src\main\resources to target\classes
2025-04-12 22:16:58,403 [Worker-52: Building] INFO  o.a.m.s.f.DefaultMavenResourcesFiltering - Copying 0 resource from src\main\resources to target\classes
2025-04-12 22:16:58,404 [Worker-52: Building] INFO  o.a.m.s.f.DefaultMavenResourcesFiltering - skip non existing resourceDirectory C:\Users\Subham\Downloads\Foundly-main (1)\Foundly-main\foundly-app2\src\test\resources
2025-04-12 22:17:13,153 [Worker-49: Building] INFO  o.a.m.s.f.DefaultMavenResourcesFiltering - Copying 1 resource from src\main\resources to target\classes
2025-04-12 22:17:13,154 [Worker-49: Building] INFO  o.a.m.s.f.DefaultMavenResourcesFiltering - Copying 0 resource from src\main\resources to target\classes
2025-04-12 22:17:13,156 [Worker-49: Building] INFO  o.a.m.s.f.DefaultMavenResourcesFiltering - skip non existing resourceDirectory C:\Users\Subham\Downloads\Foundly-main (1)\Foundly-main\foundly-app2\src\test\resources
2025-04-12 23:20:41,320 [Worker-57: Building] INFO  o.a.m.s.f.DefaultMavenResourcesFiltering - Copying 1 resource from src\main\resources to target\classes
2025-04-12 23:20:41,322 [Worker-57: Building] INFO  o.a.m.s.f.DefaultMavenResourcesFiltering - Copying 0 resource from src\main\resources to target\classes
2025-04-12 23:20:41,324 [Worker-57: Building] INFO  o.a.m.s.f.DefaultMavenResourcesFiltering - skip non existing resourceDirectory C:\Users\Subham\Downloads\Foundly-main (1)\Foundly-main\foundly-app2\src\test\resources
2025-04-12 23:57:00,098 [Worker-64: Building] INFO  o.a.m.s.f.DefaultMavenResourcesFiltering - Copying 1 resource from src\main\resources to target\classes
2025-04-12 23:57:00,115 [Worker-64: Building] INFO  o.a.m.s.f.DefaultMavenResourcesFiltering - Copying 0 resource from src\main\resources to target\classes
2025-04-12 23:57:00,118 [Worker-64: Building] INFO  o.a.m.s.f.DefaultMavenResourcesFiltering - skip non existing resourceDirectory C:\Users\Subham\Downloads\Foundly-main (1)\Foundly-main\foundly-app2\src\test\resources
2025-04-13 00:14:58,349 [Worker-66: Building] INFO  o.a.m.s.f.DefaultMavenResourcesFiltering - Copying 1 resource from src\main\resources to target\classes
2025-04-13 00:14:58,354 [Worker-66: Building] INFO  o.a.m.s.f.DefaultMavenResourcesFiltering - Copying 0 resource from src\main\resources to target\classes
2025-04-13 00:14:58,357 [Worker-66: Building] INFO  o.a.m.s.f.DefaultMavenResourcesFiltering - skip non existing resourceDirectory C:\Users\Subham\Downloads\Foundly-main (1)\Foundly-main\foundly-app2\src\test\resources
